<?xml version="1.0" encoding="UTF-8"?>
<!-- Generated by org.testng.reporters.JUnitReportReporter -->
<testsuite hostname="LAPTOP-KD8N8725" failures="0" tests="1" name="testcase.zaloratest" time="59.856" errors="0" timestamp="2023-01-20T19:29:47 IST" skipped="0">
  <testcase classname="testcase.zaloratest" name="zalora" time="59.856"/>
  <system-out/>
</testsuite> <!-- testcase.zaloratest -->
