<?xml version="1.0" encoding="UTF-8"?>
<!-- Generated by org.testng.reporters.JUnitReportReporter -->
<testsuite hostname="LAPTOP-KD8N8725" failures="0" tests="1" name="hilton.hilton_test" time="62.187" errors="0" timestamp="2023-01-30T01:07:41 IST" skipped="0">
  <testcase classname="hilton.hilton_test" name="main" time="62.187"/>
  <system-out/>
</testsuite> <!-- hilton.hilton_test -->
