<?xml version="1.0" encoding="UTF-8"?>
<!-- Generated by org.testng.reporters.JUnitReportReporter -->
<testsuite hostname="LAPTOP-KD8N8725" failures="0" tests="1" name="testcase.zaloratest" time="51.575" errors="0" timestamp="2023-01-24T15:40:36 IST" skipped="0">
  <testcase classname="testcase.zaloratest" name="logintest" time="51.575"/>
  <system-out/>
</testsuite> <!-- testcase.zaloratest -->
