<?xml version="1.0" encoding="UTF-8"?>
<!-- Generated by org.testng.reporters.JUnitReportReporter -->
<testsuite hostname="LAPTOP-KD8N8725" failures="0" tests="1" name="amazon.amazon_test" time="49.640" errors="0" timestamp="2023-01-27T20:38:18 IST" skipped="0">
  <testcase classname="amazon.amazon_test" name="main" time="49.640"/>
  <system-out/>
</testsuite> <!-- amazon.amazon_test -->
